d:\workspace\dshowcapture\dshowcapture\debug\dshowcapture.pch
d:\workspace\dshowcapture\dshowcapture\debug\vc140.pdb
d:\workspace\dshowcapture\dshowcapture\debug\vc140.idb
d:\workspace\dshowcapture\dshowcapture\debug\stdafx.obj
d:\workspace\dshowcapture\dshowcapture\debug\aac_codec.obj
d:\workspace\dshowcapture\dshowcapture\debug\rtp_receiver.obj
d:\workspace\dshowcapture\dshowcapture\debug\rtp_sender.obj
d:\workspace\dshowcapture\dshowcapture\debug\framequeue.obj
d:\workspace\dshowcapture\dshowcapture\debug\mp4record.obj
d:\workspace\dshowcapture\dshowcapture\debug\video_capture.obj
d:\workspace\dshowcapture\dshowcapture\debug\h264_codec.obj
d:\workspace\dshowcapture\dshowcapture\debug\dshowcapture.obj
d:\workspace\dshowcapture\dshowcapture\debug\samplegrabbercb.obj
d:\workspace\dshowcapture\dshowcapture\debug\dshowcapturedlg.obj
d:\workspace\dshowcapture\dshowcapture\debug\is_h264keyframe.obj
d:\workspace\dshowcapture\dshowcapture\debug\h264-rtp.obj
d:\workspace\dshowcapture\dshowcapture\debug\h264frame.obj
d:\workspace\dshowcapture\dshowcapture\debug\directdraw.obj
d:\workspace\dshowcapture\dshowcapture\bin\dshowcapture.ilk
d:\workspace\dshowcapture\dshowcapture\bin\dshowcapture.exe
d:\workspace\dshowcapture\dshowcapture\bin\dshowcapture.pdb
d:\workspace\dshowcapture\dshowcapture\debug\dshowcapture.res
d:\workspace\dshowcapture\dshowcapture\debug\h264-rtp.obj.enc
d:\workspace\dshowcapture\dshowcapture\debug\h264_codec.obj.enc
d:\workspace\dshowcapture\dshowcapture\debug\rtp_receiver.obj.enc
d:\workspace\dshowcapture\dshowcapture\debug\rtp_sender.obj.enc
d:\workspace\dshowcapture\dshowcapture\.\bin\dshowcapture.exe
d:\workspace\dshowcapture\dshowcapture\debug\dshowcapture.tlog\cl.command.1.tlog
d:\workspace\dshowcapture\dshowcapture\debug\dshowcapture.tlog\cl.read.1.tlog
d:\workspace\dshowcapture\dshowcapture\debug\dshowcapture.tlog\cl.write.1.tlog
d:\workspace\dshowcapture\dshowcapture\debug\dshowcapture.tlog\link.command.1.tlog
d:\workspace\dshowcapture\dshowcapture\debug\dshowcapture.tlog\link.read.1.tlog
d:\workspace\dshowcapture\dshowcapture\debug\dshowcapture.tlog\link.write.1.tlog
d:\workspace\dshowcapture\dshowcapture\debug\dshowcapture.tlog\rc.command.1.tlog
d:\workspace\dshowcapture\dshowcapture\debug\dshowcapture.tlog\rc.read.1.tlog
d:\workspace\dshowcapture\dshowcapture\debug\dshowcapture.tlog\rc.write.1.tlog
