  jthread.cpp
  jmutex.cpp
  rtpudpv6transmitter.cpp
d:\workspace\zkisserver\third_party\jrtp\jrtplib-3.11.1\rtpudpv6transmitter.cpp(502): warning C4267: “=”: 从“size_t”转换到“int”，可能丢失数据
d:\workspace\zkisserver\third_party\jrtp\jrtplib-3.11.1\rtpudpv6transmitter.cpp(425): warning C4996: 'gethostbyaddr': Use getnameinfo() or GetNameInfoW() instead or define _WINSOCK_DEPRECATED_NO_WARNINGS to disable deprecated API warnings
  c:\program files (x86)\windows kits\8.1\include\um\winsock2.h(2216): note: 参见“gethostbyaddr”的声明
d:\workspace\zkisserver\third_party\jrtp\jrtplib-3.11.1\rtpudpv6transmitter.cpp(708): warning C4267: “参数”: 从“size_t”转换到“int”，可能丢失数据
d:\workspace\zkisserver\third_party\jrtp\jrtplib-3.11.1\rtpudpv6transmitter.cpp(737): warning C4267: “参数”: 从“size_t”转换到“int”，可能丢失数据
  rtpudpv4transmitter.cpp
d:\workspace\zkisserver\third_party\jrtp\jrtplib-3.11.1\rtpudpv4transmitter.cpp(721): warning C4267: “=”: 从“size_t”转换到“int”，可能丢失数据
d:\workspace\zkisserver\third_party\jrtp\jrtplib-3.11.1\rtpudpv4transmitter.cpp(652): warning C4996: 'gethostbyaddr': Use getnameinfo() or GetNameInfoW() instead or define _WINSOCK_DEPRECATED_NO_WARNINGS to disable deprecated API warnings
  c:\program files (x86)\windows kits\8.1\include\um\winsock2.h(2216): note: 参见“gethostbyaddr”的声明
d:\workspace\zkisserver\third_party\jrtp\jrtplib-3.11.1\rtpudpv4transmitter.cpp(927): warning C4267: “参数”: 从“size_t”转换到“int”，可能丢失数据
d:\workspace\zkisserver\third_party\jrtp\jrtplib-3.11.1\rtpudpv4transmitter.cpp(956): warning C4267: “参数”: 从“size_t”转换到“int”，可能丢失数据
d:\workspace\zkisserver\third_party\jrtp\jrtplib-3.11.1\rtpudpv4transmitter.cpp(1912): warning C4996: 'gethostbyname': Use getaddrinfo() or GetAddrInfoW() instead or define _WINSOCK_DEPRECATED_NO_WARNINGS to disable deprecated API warnings
  c:\program files (x86)\windows kits\8.1\include\um\winsock2.h(2238): note: 参见“gethostbyname”的声明
  rtptimeutilities.cpp
  rtptcptransmitter.cpp
d:\workspace\zkisserver\third_party\jrtp\jrtplib-3.11.1\rtptcptransmitter.cpp(803): warning C4267: “参数”: 从“size_t”转换到“int”，可能丢失数据
  rtptcpaddress.cpp
  rtpsources.cpp
  rtpsourcedata.cpp
d:\workspace\zkisserver\third_party\jrtp\jrtplib-3.11.1\rtpsourcedata.cpp(219): warning C4146: 一元负运算符应用于无符号类型，结果仍为无符号类型
d:\workspace\zkisserver\third_party\jrtp\jrtplib-3.11.1\rtpsourcedata.cpp(233): warning C4146: 一元负运算符应用于无符号类型，结果仍为无符号类型
  rtpsessionsources.cpp
  rtpsessionparams.cpp
  rtpsession.cpp
d:\workspace\zkisserver\third_party\jrtp\jrtplib-3.11.1\rtpsession.cpp(748): warning C4267: “参数”: 从“size_t”转换到“uint8_t”，可能丢失数据
d:\workspace\zkisserver\third_party\jrtp\jrtplib-3.11.1\rtpsession.cpp(771): warning C4267: “return”: 从“size_t”转换到“int”，可能丢失数据
d:\workspace\zkisserver\third_party\jrtp\jrtplib-3.11.1\rtpsession.cpp(1603): warning C4267: “初始化”: 从“size_t”转换到“DWORD”，可能丢失数据
  rtpsecuresession.cpp
  rtprandomurandom.cpp
d:\workspace\zkisserver\third_party\jrtp\jrtplib-3.11.1\rtprandomurandom.cpp(57): warning C4996: 'fopen': This function or variable may be unsafe. Consider using fopen_s instead. To disable deprecation, use _CRT_SECURE_NO_WARNINGS. See online help for details.
  c:\program files (x86)\windows kits\10\include\10.0.10240.0\ucrt\stdio.h(205): note: 参见“fopen”的声明
  rtprandomrands.cpp
  rtprandomrand48.cpp
  rtprandom.cpp
  rtppollthread.cpp
  rtppacketbuilder.cpp
  rtppacket.cpp
d:\workspace\zkisserver\third_party\jrtp\jrtplib-3.11.1\rtppacket.cpp(170): warning C4267: “=”: 从“size_t”转换到“int”，可能丢失数据
  正在生成代码...
  正在编译...
  rtplibraryversion.cpp
  rtpipv6destination.cpp
  rtpipv6address.cpp
  rtpipv4destination.cpp
  rtpipv4address.cpp
  rtpinternalsourcedata.cpp
  rtpexternaltransmitter.cpp
d:\workspace\zkisserver\third_party\jrtp\jrtplib-3.11.1\rtpexternaltransmitter.cpp(228): warning C4996: 'strcpy': This function or variable may be unsafe. Consider using strcpy_s instead. To disable deprecation, use _CRT_SECURE_NO_WARNINGS. See online help for details.
  c:\program files (x86)\windows kits\10\include\10.0.10240.0\ucrt\string.h(119): note: 参见“strcpy”的声明
  rtperrors.cpp
  rtpdebug.cpp
  rtpcollisionlist.cpp
  rtpbyteaddress.cpp
  rtpabortdescriptors.cpp
d:\workspace\zkisserver\third_party\jrtp\jrtplib-3.11.1\rtpabortdescriptors.cpp(113): warning C4996: 'inet_addr': Use inet_pton() or InetPton() instead or define _WINSOCK_DEPRECATED_NO_WARNINGS to disable deprecated API warnings
  c:\program files (x86)\windows kits\8.1\include\um\winsock2.h(1850): note: 参见“inet_addr”的声明
  rtcpsrpacket.cpp
  rtcpsdespacket.cpp
d:\workspace\zkisserver\third_party\jrtp\jrtplib-3.11.1\rtcpsdespacket.cpp(110): warning C4267: “+=”: 从“size_t”转换到“int”，可能丢失数据
d:\workspace\zkisserver\third_party\jrtp\jrtplib-3.11.1\rtcpsdespacket.cpp(127): warning C4267: “+=”: 从“size_t”转换到“int”，可能丢失数据
  rtcpsdesinfo.cpp
  rtcpscheduler.cpp
  rtcprrpacket.cpp
  rtcppacketbuilder.cpp
d:\workspace\zkisserver\third_party\jrtp\jrtplib-3.11.1\rtcppacketbuilder.cpp(180): warning C4267: “参数”: 从“size_t”转换到“uint8_t”，可能丢失数据
d:\workspace\zkisserver\third_party\jrtp\jrtplib-3.11.1\rtcppacketbuilder.cpp(519): warning C4267: “参数”: 从“size_t”转换到“uint8_t”，可能丢失数据
d:\workspace\zkisserver\third_party\jrtp\jrtplib-3.11.1\rtcppacketbuilder.cpp(536): warning C4267: “参数”: 从“size_t”转换到“uint8_t”，可能丢失数据
d:\workspace\zkisserver\third_party\jrtp\jrtplib-3.11.1\rtcppacketbuilder.cpp(553): warning C4267: “参数”: 从“size_t”转换到“uint8_t”，可能丢失数据
d:\workspace\zkisserver\third_party\jrtp\jrtplib-3.11.1\rtcppacketbuilder.cpp(570): warning C4267: “参数”: 从“size_t”转换到“uint8_t”，可能丢失数据
d:\workspace\zkisserver\third_party\jrtp\jrtplib-3.11.1\rtcppacketbuilder.cpp(587): warning C4267: “参数”: 从“size_t”转换到“uint8_t”，可能丢失数据
d:\workspace\zkisserver\third_party\jrtp\jrtplib-3.11.1\rtcppacketbuilder.cpp(604): warning C4267: “参数”: 从“size_t”转换到“uint8_t”，可能丢失数据
d:\workspace\zkisserver\third_party\jrtp\jrtplib-3.11.1\rtcppacketbuilder.cpp(708): warning C4267: “参数”: 从“size_t”转换到“uint8_t”，可能丢失数据
d:\workspace\zkisserver\third_party\jrtp\jrtplib-3.11.1\rtcppacketbuilder.cpp(720): warning C4267: “参数”: 从“size_t”转换到“uint8_t”，可能丢失数据
  rtcppacket.cpp
  rtcpcompoundpacketbuilder.cpp
d:\workspace\zkisserver\third_party\jrtp\jrtplib-3.11.1\rtcpcompoundpacketbuilder.cpp(366): warning C4267: “参数”: 从“size_t”转换到“uint8_t”，可能丢失数据
d:\workspace\zkisserver\third_party\jrtp\jrtplib-3.11.1\rtcpcompoundpacketbuilder.cpp(382): warning C4267: “=”: 从“size_t”转换到“uint8_t”，可能丢失数据
  正在生成代码...
  正在编译...
  rtcpcompoundpacket.cpp
  rtcpbyepacket.cpp
  rtcpapppacket.cpp
  正在生成代码...
  libjrtp.vcxproj -> D:\workspace\ZKISServer\x64\Debug\libjrtp.lib
