d:\workspace\dshowcapture\dshowcapture\jrtp\libjrtp\debug\libjrtp.pdb
d:\workspace\dshowcapture\dshowcapture\jrtp\libjrtp\debug\libjrtp.idb
d:\workspace\dshowcapture\dshowcapture\jrtp\libjrtp\debug\rtppacket.obj
d:\workspace\dshowcapture\dshowcapture\jrtp\libjrtp\debug\rtppacketbuilder.obj
d:\workspace\dshowcapture\dshowcapture\jrtp\libjrtp\debug\rtppollthread.obj
d:\workspace\dshowcapture\dshowcapture\jrtp\libjrtp\debug\rtprandom.obj
d:\workspace\dshowcapture\dshowcapture\jrtp\libjrtp\debug\rtprandomrand48.obj
d:\workspace\dshowcapture\dshowcapture\jrtp\libjrtp\debug\rtprandomrands.obj
d:\workspace\dshowcapture\dshowcapture\jrtp\libjrtp\debug\rtprandomurandom.obj
d:\workspace\dshowcapture\dshowcapture\jrtp\libjrtp\debug\rtpsecuresession.obj
d:\workspace\dshowcapture\dshowcapture\jrtp\libjrtp\debug\rtpsession.obj
d:\workspace\dshowcapture\dshowcapture\jrtp\libjrtp\debug\rtpsessionparams.obj
d:\workspace\dshowcapture\dshowcapture\jrtp\libjrtp\debug\rtpsessionsources.obj
d:\workspace\dshowcapture\dshowcapture\jrtp\libjrtp\debug\rtpsourcedata.obj
d:\workspace\dshowcapture\dshowcapture\jrtp\libjrtp\debug\rtpsources.obj
d:\workspace\dshowcapture\dshowcapture\jrtp\libjrtp\debug\rtptcpaddress.obj
d:\workspace\dshowcapture\dshowcapture\jrtp\libjrtp\debug\rtptcptransmitter.obj
d:\workspace\dshowcapture\dshowcapture\jrtp\libjrtp\debug\rtptimeutilities.obj
d:\workspace\dshowcapture\dshowcapture\jrtp\libjrtp\debug\rtpudpv4transmitter.obj
d:\workspace\dshowcapture\dshowcapture\jrtp\libjrtp\debug\rtpudpv6transmitter.obj
d:\workspace\dshowcapture\dshowcapture\jrtp\libjrtp\debug\jmutex.obj
d:\workspace\dshowcapture\dshowcapture\jrtp\libjrtp\debug\jthread.obj
d:\workspace\dshowcapture\dshowcapture\jrtp\libjrtp\debug\rtcpcompoundpacketbuilder.obj
d:\workspace\dshowcapture\dshowcapture\jrtp\libjrtp\debug\rtcppacket.obj
d:\workspace\dshowcapture\dshowcapture\jrtp\libjrtp\debug\rtcppacketbuilder.obj
d:\workspace\dshowcapture\dshowcapture\jrtp\libjrtp\debug\rtcprrpacket.obj
d:\workspace\dshowcapture\dshowcapture\jrtp\libjrtp\debug\rtcpscheduler.obj
d:\workspace\dshowcapture\dshowcapture\jrtp\libjrtp\debug\rtcpsdesinfo.obj
d:\workspace\dshowcapture\dshowcapture\jrtp\libjrtp\debug\rtcpsdespacket.obj
d:\workspace\dshowcapture\dshowcapture\jrtp\libjrtp\debug\rtcpsrpacket.obj
d:\workspace\dshowcapture\dshowcapture\jrtp\libjrtp\debug\rtpabortdescriptors.obj
d:\workspace\dshowcapture\dshowcapture\jrtp\libjrtp\debug\rtpbyteaddress.obj
d:\workspace\dshowcapture\dshowcapture\jrtp\libjrtp\debug\rtpcollisionlist.obj
d:\workspace\dshowcapture\dshowcapture\jrtp\libjrtp\debug\rtpdebug.obj
d:\workspace\dshowcapture\dshowcapture\jrtp\libjrtp\debug\rtperrors.obj
d:\workspace\dshowcapture\dshowcapture\jrtp\libjrtp\debug\rtpexternaltransmitter.obj
d:\workspace\dshowcapture\dshowcapture\jrtp\libjrtp\debug\rtpinternalsourcedata.obj
d:\workspace\dshowcapture\dshowcapture\jrtp\libjrtp\debug\rtpipv4address.obj
d:\workspace\dshowcapture\dshowcapture\jrtp\libjrtp\debug\rtpipv4destination.obj
d:\workspace\dshowcapture\dshowcapture\jrtp\libjrtp\debug\rtpipv6address.obj
d:\workspace\dshowcapture\dshowcapture\jrtp\libjrtp\debug\rtpipv6destination.obj
d:\workspace\dshowcapture\dshowcapture\jrtp\libjrtp\debug\rtplibraryversion.obj
d:\workspace\dshowcapture\dshowcapture\jrtp\libjrtp\debug\rtcpapppacket.obj
d:\workspace\dshowcapture\dshowcapture\jrtp\libjrtp\debug\rtcpbyepacket.obj
d:\workspace\dshowcapture\dshowcapture\jrtp\libjrtp\debug\rtcpcompoundpacket.obj
d:\workspace\dshowcapture\dshowcapture\jrtp\lib\libjrtp.lib
d:\workspace\dshowcapture\debug\libjrtp.pdb
d:\workspace\dshowcapture\dshowcapture\jrtp\libjrtp\debug\libjrtp.tlog\cl.command.1.tlog
d:\workspace\dshowcapture\dshowcapture\jrtp\libjrtp\debug\libjrtp.tlog\cl.read.1.tlog
d:\workspace\dshowcapture\dshowcapture\jrtp\libjrtp\debug\libjrtp.tlog\cl.write.1.tlog
d:\workspace\dshowcapture\dshowcapture\jrtp\libjrtp\debug\libjrtp.tlog\lib-link.read.1.tlog
d:\workspace\dshowcapture\dshowcapture\jrtp\libjrtp\debug\libjrtp.tlog\lib-link.write.1.tlog
d:\workspace\dshowcapture\dshowcapture\jrtp\libjrtp\debug\libjrtp.tlog\lib.command.1.tlog
